<?xml version="1.0" encoding="UTF-8"?>
<robot generator="Robot 7.3.2 (Python 3.13.5 on win32)" generated="2025-08-21T23:01:48.803007" rpa="false" schemaversion="5">
<suite id="s1" name="Timesheet Suite" source="C:\Users\srini.SRINIKAMALI\PycharmProjects\Robot Framework-Automation\TestCases\Timesheet_Suite.robot">
<kw name="Log To Console" owner="BuiltIn" type="SETUP">
<arg>opening the browser</arg>
<doc>Logs the given message to the console.</doc>
<status status="PASS" start="2025-08-21T23:03:42.716745" elapsed="0.176297"/>
</kw>
<test id="s1-t1" name="TC003 Find The Employee Attadence Details" line="76">
<kw name="Log To Console" owner="BuiltIn" type="SETUP">
<arg>Login To Application</arg>
<doc>Logs the given message to the console.</doc>
<status status="PASS" start="2025-08-21T23:03:42.894723" elapsed="0.000605"/>
</kw>
<kw name="Get Total Rows" owner="testdata_pandas">
<msg time="2025-08-21T23:03:52.038196" level="INFO">${total_row} = 1</msg>
<var>${total_row}</var>
<arg>${file}</arg>
<arg>${sheet}</arg>
<status status="PASS" start="2025-08-21T23:03:42.895944" elapsed="9.142464"/>
</kw>
<kw name="Log To Console" owner="BuiltIn">
<arg>${total_row}</arg>
<doc>Logs the given message to the console.</doc>
<status status="PASS" start="2025-08-21T23:03:52.039601" elapsed="0.001245"/>
</kw>
<kw name="Evaluate" owner="BuiltIn">
<msg time="2025-08-21T23:03:52.043185" level="INFO">${end} = 2</msg>
<var>${end}</var>
<arg>${total_row} + 1</arg>
<doc>Evaluates the given expression in Python and returns the result.</doc>
<status status="PASS" start="2025-08-21T23:03:52.042061" elapsed="0.001287"/>
</kw>
<kw name="Log To Console" owner="BuiltIn">
<arg>${end}</arg>
<doc>Logs the given message to the console.</doc>
<status status="PASS" start="2025-08-21T23:03:52.044315" elapsed="0.001210"/>
</kw>
<for flavor="IN RANGE">
<iter>
<kw name="Log To Console" owner="BuiltIn">
<arg>${i}</arg>
<doc>Logs the given message to the console.</doc>
<status status="PASS" start="2025-08-21T23:03:52.049517" elapsed="0.001422"/>
</kw>
<kw name="create log file" owner="timesheet">
<kw name="Run Keyword And Ignore Error" owner="BuiltIn">
<kw name="Remove File" owner="OperatingSystem">
<msg time="2025-08-21T23:03:52.056005" level="INFO" html="true">File '&lt;a href="file://C:\Users\srini.SRINIKAMALI\PycharmProjects\Robot Framework-Automation\TestData\log_steps.txt"&gt;C:\Users\srini.SRINIKAMALI\PycharmProjects\Robot Framework-Automation\TestData\log_steps.txt&lt;/a&gt;' does not exist.</msg>
<arg>${log_file}</arg>
<doc>Removes a file with the given path.</doc>
<status status="PASS" start="2025-08-21T23:03:52.054714" elapsed="0.001612"/>
</kw>
<arg>remove file</arg>
<arg>${log_file}</arg>
<doc>Runs the given keyword with the given arguments and ignores possible error.</doc>
<status status="PASS" start="2025-08-21T23:03:52.054013" elapsed="0.002654"/>
</kw>
<kw name="Set Variable" owner="BuiltIn">
<msg time="2025-08-21T23:03:52.058614" level="INFO">${log_file} = C:/Users/srini.SRINIKAMALI/PycharmProjects/Robot Framework-Automation/TestCases/log_steps.txt</msg>
<var>${log_file}</var>
<arg>C:/Users/srini.SRINIKAMALI/PycharmProjects/Robot Framework-Automation/TestCases/log_steps.txt</arg>
<doc>Returns the given values which can then be assigned to a variables.</doc>
<status status="PASS" start="2025-08-21T23:03:52.057470" elapsed="0.001457"/>
</kw>
<kw name="Run Keyword If" owner="BuiltIn">
<kw name="Create File" owner="OperatingSystem">
<msg time="2025-08-21T23:03:52.094859" level="INFO" html="true">Created file '&lt;a href="file://C:\Users\srini.SRINIKAMALI\PycharmProjects\Robot Framework-Automation\TestCases\log_steps.txt"&gt;C:\Users\srini.SRINIKAMALI\PycharmProjects\Robot Framework-Automation\TestCases\log_steps.txt&lt;/a&gt;'.</msg>
<arg>${log_file}</arg>
<doc>Creates a file with the given content and encoding.</doc>
<status status="PASS" start="2025-08-21T23:03:52.062961" elapsed="0.032061"/>
</kw>
<arg>'${log_file}' != ''</arg>
<arg>Create File</arg>
<arg>${log_file}</arg>
<doc>Runs the given keyword with the given arguments, if ``condition`` is true.</doc>
<status status="PASS" start="2025-08-21T23:03:52.059940" elapsed="0.035226"/>
</kw>
<status status="PASS" start="2025-08-21T23:03:52.052517" elapsed="0.042803"/>
</kw>
<kw name="Launch Application with browser" owner="Attadence">
<kw name="Run Keyword If" owner="BuiltIn">
<kw name="Open Browser" owner="SeleniumLibrary">
<msg time="2025-08-21T23:03:52.097199" level="INFO">Opening browser 'chrome' to base url 'https://opensource-demo.orangehrmlive.com/web/index.php/auth/login'.</msg>
<msg time="2025-08-21T23:09:59.184189" level="WARN">Retrying (Retry(total=2, connect=None, read=None, redirect=None, status=None)) after connection broken by 'ReadTimeoutError("HTTPConnectionPool(host='localhost', port=58167): Read timed out. (read timeout=120)")': /session/719eb3f4a4195ef2e4db7d60c7558749/screenshot</msg>
<msg time="2025-08-21T23:11:59.202911" level="WARN">Retrying (Retry(total=1, connect=None, read=None, redirect=None, status=None)) after connection broken by 'ReadTimeoutError("HTTPConnectionPool(host='localhost', port=58167): Read timed out. (read timeout=120)")': /session/719eb3f4a4195ef2e4db7d60c7558749/screenshot</msg>
<msg time="2025-08-21T23:13:00.292606" level="WARN">Keyword 'Capture Page Screenshot' could not be run on failure: Message: no such window: target window already closed
from unknown error: web view not found
  (Session info: chrome=139.0.7258.127)
Stacktrace:
	GetHandleVerifier [0x0x7ff6c4d678d5+2802741]
	GetHandleVerifier [0x0x7ff6c4aceb70+79568]
	(No symbol) [0x0x7ff6c486c0fa]
	(No symbol) [0x0x7ff6c4844601]
	(No symbol) [0x0x7ff6c48f207e]
	(No symbol) [0x0x7ff6c4912752]
	(No symbol) [0x0x7ff6c48eaa63]
	(No symbol) [0x0x7ff6c48b3c91]
	(No symbol) [0x0x7ff6c48b4a23]
	GetHandleVerifier [0x0x7ff6c4d92ced+2979917]
	GetHandleVerifier [0x0x7ff6c4d8d0f3+2956371]
	GetHandleVerifier [0x0x7ff6c4daacbd+3078173]
	GetHandleVerifier [0x0x7ff6c4ae836e+184014]
	GetHandleVerifier [0x0x7ff6c4af024f+216495]
	GetHandleVerifier [0x0x7ff6c4ad70c4+113700]
	GetHandleVerifier [0x0x7ff6c4ad7279+114137]
	GetHandleVerifier [0x0x7ff6c4abdf78+10968]
	BaseThreadInitThunk [0x0x7ffd40fae8d7+23]
	RtlUserThreadStart [0x0x7ffd41ffc5dc+44]
</msg>
<msg time="2025-08-21T23:13:00.366927" level="FAIL">ReadTimeoutError: HTTPConnectionPool(host='localhost', port=58167): Read timed out. (read timeout=120)</msg>
<arg>${url}</arg>
<arg>${browser}</arg>
<doc>Opens a new browser instance to the optional ``url``.</doc>
<status status="FAIL" start="2025-08-21T23:03:52.096780" elapsed="559.165056">ReadTimeoutError: HTTPConnectionPool(host='localhost', port=58167): Read timed out. (read timeout=120)</status>
</kw>
<arg>'${url}' != '' and '${browser}' != ''</arg>
<arg>Open Browser</arg>
<arg>${url}</arg>
<arg>${browser}</arg>
<doc>Runs the given keyword with the given arguments, if ``condition`` is true.</doc>
<status status="FAIL" start="2025-08-21T23:03:52.096268" elapsed="559.166141">ReadTimeoutError: HTTPConnectionPool(host='localhost', port=58167): Read timed out. (read timeout=120)</status>
</kw>
<kw name="Maximize Browser Window" owner="SeleniumLibrary">
<doc>Maximizes current browser window.</doc>
<status status="NOT RUN" start="2025-08-21T23:13:11.263467" elapsed="0.000180"/>
</kw>
<arg>${url}</arg>
<arg>${browser}</arg>
<status status="FAIL" start="2025-08-21T23:03:52.095646" elapsed="559.168586">ReadTimeoutError: HTTPConnectionPool(host='localhost', port=58167): Read timed out. (read timeout=120)</status>
</kw>
<kw name="Append To File" owner="OperatingSystem">
<arg>${log_file}</arg>
<arg>browser opened!!!!:${url}\n</arg>
<doc>Appends the given content to the specified file.</doc>
<status status="NOT RUN" start="2025-08-21T23:13:11.264807" elapsed="0.000155"/>
</kw>
<kw name="Set Selenium Implicit Wait" owner="SeleniumLibrary">
<arg>10s</arg>
<doc>Sets the implicit wait value used by Selenium.</doc>
<status status="NOT RUN" start="2025-08-21T23:13:11.265429" elapsed="0.000149"/>
</kw>
<kw name="Wait Until Element Is Visible" owner="SeleniumLibrary">
<arg>${username}</arg>
<doc>Waits until the element ``locator`` is visible.</doc>
<status status="NOT RUN" start="2025-08-21T23:13:11.266022" elapsed="0.000679"/>
</kw>
<kw name="Get Row Data" owner="testdata_pandas">
<var>${user}</var>
<arg>${file}</arg>
<arg>${sheet}</arg>
<arg>${i}</arg>
<arg>user</arg>
<status status="NOT RUN" start="2025-08-21T23:13:11.267296" elapsed="0.000161"/>
</kw>
<kw name="Get Row Data" owner="testdata_pandas">
<var>${pass}</var>
<arg>${file}</arg>
<arg>${sheet}</arg>
<arg>${i}</arg>
<arg>pass</arg>
<status status="NOT RUN" start="2025-08-21T23:13:11.267897" elapsed="0.000124"/>
</kw>
<kw name="Get Row Data" owner="testdata_pandas">
<var>${empid}</var>
<arg>${file}</arg>
<arg>${sheet}</arg>
<arg>${i}</arg>
<arg>empid</arg>
<status status="NOT RUN" start="2025-08-21T23:13:11.268450" elapsed="0.000122"/>
</kw>
<kw name="Perform Login for employeee" owner="Attadence">
<arg>${user}</arg>
<arg>${pass}</arg>
<status status="NOT RUN" start="2025-08-21T23:13:11.269348" elapsed="0.000161"/>
</kw>
<kw name="Find Employee attadence records" owner="Attadence">
<arg>${empid}</arg>
<status status="NOT RUN" start="2025-08-21T23:13:11.270335" elapsed="0.000177"/>
</kw>
<var name="${i}">0</var>
<status status="FAIL" start="2025-08-21T23:03:52.048654" elapsed="559.222140">ReadTimeoutError: HTTPConnectionPool(host='localhost', port=58167): Read timed out. (read timeout=120)</status>
</iter>
<var>${i}</var>
<value>0</value>
<value>${end}</value>
<status status="FAIL" start="2025-08-21T23:03:52.046312" elapsed="559.224923">ReadTimeoutError: HTTPConnectionPool(host='localhost', port=58167): Read timed out. (read timeout=120)</status>
</for>
<kw name="Log To Console" owner="BuiltIn" type="TEARDOWN">
<arg>Logout application</arg>
<doc>Logs the given message to the console.</doc>
<status status="PASS" start="2025-08-21T23:13:11.273027" elapsed="0.001096"/>
</kw>
<tag>smoke</tag>
<status status="FAIL" start="2025-08-21T23:03:42.893485" elapsed="568.381502">ReadTimeoutError: HTTPConnectionPool(host='localhost', port=58167): Read timed out. (read timeout=120)</status>
</test>
<kw name="Log To Console" owner="BuiltIn" type="TEARDOWN">
<arg>close browser action</arg>
<doc>Logs the given message to the console.</doc>
<status status="PASS" start="2025-08-21T23:13:11.280207" elapsed="0.001046"/>
</kw>
<status status="FAIL" start="2025-08-21T23:01:48.994114" elapsed="682.287453"/>
</suite>
<statistics>
<total>
<stat pass="0" fail="1" skip="0">All Tests</stat>
</total>
<tag>
<stat pass="0" fail="1" skip="0">smoke</stat>
</tag>
<suite>
<stat name="Timesheet Suite" id="s1" pass="0" fail="1" skip="0">Timesheet Suite</stat>
</suite>
</statistics>
<errors>
<msg time="2025-08-21T23:09:59.184189" level="WARN">Retrying (Retry(total=2, connect=None, read=None, redirect=None, status=None)) after connection broken by 'ReadTimeoutError("HTTPConnectionPool(host='localhost', port=58167): Read timed out. (read timeout=120)")': /session/719eb3f4a4195ef2e4db7d60c7558749/screenshot</msg>
<msg time="2025-08-21T23:11:59.202911" level="WARN">Retrying (Retry(total=1, connect=None, read=None, redirect=None, status=None)) after connection broken by 'ReadTimeoutError("HTTPConnectionPool(host='localhost', port=58167): Read timed out. (read timeout=120)")': /session/719eb3f4a4195ef2e4db7d60c7558749/screenshot</msg>
<msg time="2025-08-21T23:13:00.292606" level="WARN">Keyword 'Capture Page Screenshot' could not be run on failure: Message: no such window: target window already closed
from unknown error: web view not found
  (Session info: chrome=139.0.7258.127)
Stacktrace:
	GetHandleVerifier [0x0x7ff6c4d678d5+2802741]
	GetHandleVerifier [0x0x7ff6c4aceb70+79568]
	(No symbol) [0x0x7ff6c486c0fa]
	(No symbol) [0x0x7ff6c4844601]
	(No symbol) [0x0x7ff6c48f207e]
	(No symbol) [0x0x7ff6c4912752]
	(No symbol) [0x0x7ff6c48eaa63]
	(No symbol) [0x0x7ff6c48b3c91]
	(No symbol) [0x0x7ff6c48b4a23]
	GetHandleVerifier [0x0x7ff6c4d92ced+2979917]
	GetHandleVerifier [0x0x7ff6c4d8d0f3+2956371]
	GetHandleVerifier [0x0x7ff6c4daacbd+3078173]
	GetHandleVerifier [0x0x7ff6c4ae836e+184014]
	GetHandleVerifier [0x0x7ff6c4af024f+216495]
	GetHandleVerifier [0x0x7ff6c4ad70c4+113700]
	GetHandleVerifier [0x0x7ff6c4ad7279+114137]
	GetHandleVerifier [0x0x7ff6c4abdf78+10968]
	BaseThreadInitThunk [0x0x7ffd40fae8d7+23]
	RtlUserThreadStart [0x0x7ffd41ffc5dc+44]
</msg>
</errors>
</robot>
